<?xml version="1.0" encoding="UTF-8"?>
<!-- Generated by org.testng.reporters.JUnitXMLReporter -->
<testsuite ignored="0" hostname="DESKTOP-50HD3CM" failures="0" tests="3" name="Test" time="34.181" errors="0" timestamp="2023-08-22T14:04:12 IST">
  <testcase classname="maven_jyoti.My_maven_project.veryfyingcode_test" name="login" time="8.386"/>
  <testcase classname="Testngpakage.Assertiondemo1" name="testMethod" time="12.811"/>
  <testcase classname="maven_jyoti.My_maven_project.VeryfiyingCode_of_test" name="login" time="12.857"/>
</testsuite> <!-- Test -->
