<?xml version="1.0" encoding="UTF-8"?>
<testng-results ignored="0" total="1" passed="1" failed="0" skipped="0">
  <reporter-output>
  </reporter-output>
  <suite started-at="2023-08-22T20:21:14 IST" name="Default suite" finished-at="2023-08-22T20:21:35 IST" duration-ms="21030">
    <groups>
    </groups>
    <test started-at="2023-08-22T20:21:14 IST" name="Default test" finished-at="2023-08-22T20:21:35 IST" duration-ms="21030">
      <class name="maven_jyoti.My_maven_project.VeryfyingSing_up_Page">
        <test-method signature="Signup()[pri:0, instance:maven_jyoti.My_maven_project.VeryfyingSing_up_Page@42a48628]" started-at="2023-08-22T20:21:14 IST" name="Signup" finished-at="2023-08-22T20:21:35 IST" duration-ms="20922" status="PASS">
          <reporter-output>
          </reporter-output>
        </test-method> <!-- Signup -->
      </class> <!-- maven_jyoti.My_maven_project.VeryfyingSing_up_Page -->
    </test> <!-- Default test -->
  </suite> <!-- Default suite -->
</testng-results>
